<?xml version="1.0" encoding="UTF-8"?>
<!-- Generated by org.testng.reporters.JUnitReportReporter -->
<testsuite hostname="Karthikeyan" failures="0" tests="2" name="org.testng.SoftAssertionTask" time="0.030" errors="0" timestamp="2023-08-06T14:50:52 IST" skipped="0">
  <testcase classname="org.testng.SoftAssertionTask" name="Test2" time="0.002"/>
  <testcase classname="org.testng.SoftAssertionTask" name="Test1" time="0.028"/>
</testsuite> <!-- org.testng.SoftAssertionTask -->
