<?xml version="1.0" encoding="UTF-8"?>
<!-- Generated by org.testng.reporters.JUnitReportReporter -->
<testsuite hostname="Karthikeyan" failures="0" tests="1" name="org.testng.AnnotationTask" time="0.020" errors="0" timestamp="2023-08-06T14:08:12 IST" skipped="0">
  <testcase classname="org.testng.AnnotationTask" name="Test" time="0.020"/>
</testsuite> <!-- org.testng.AnnotationTask -->
