<?xml version="1.0" encoding="UTF-8"?>
<!-- Generated by org.testng.reporters.JUnitReportReporter -->
<testsuite hostname="Karthikeyan" failures="0" tests="100" name="org.testng.InvocationCaseTask" time="1.206" errors="0" timestamp="2023-08-06T14:18:43 IST" skipped="0">
  <testcase classname="org.testng.InvocationCaseTask" name="Test" time="0.004"/>
  <testcase classname="org.testng.InvocationCaseTask" name="Test" time="0.008"/>
  <testcase classname="org.testng.InvocationCaseTask" name="Test" time="0.016"/>
  <testcase classname="org.testng.InvocationCaseTask" name="Test" time="0.022"/>
  <testcase classname="org.testng.InvocationCaseTask" name="Test" time="0.012"/>
  <testcase classname="org.testng.InvocationCaseTask" name="Test" time="0.002"/>
  <testcase classname="org.testng.InvocationCaseTask" name="Test" time="0.006"/>
  <testcase classname="org.testng.InvocationCaseTask" name="Test" time="0.008"/>
  <testcase classname="org.testng.InvocationCaseTask" name="Test" time="0.001"/>
  <testcase classname="org.testng.InvocationCaseTask" name="Test" time="0.017"/>
  <testcase classname="org.testng.InvocationCaseTask" name="Test" time="0.005"/>
  <testcase classname="org.testng.InvocationCaseTask" name="Test" time="0.002"/>
  <testcase classname="org.testng.InvocationCaseTask" name="Test" time="0.002"/>
  <testcase classname="org.testng.InvocationCaseTask" name="Test" time="0.005"/>
  <testcase classname="org.testng.InvocationCaseTask" name="Test" time="0.003"/>
  <testcase classname="org.testng.InvocationCaseTask" name="Test" time="0.001"/>
  <testcase classname="org.testng.InvocationCaseTask" name="Test" time="0.003"/>
  <testcase classname="org.testng.InvocationCaseTask" name="Test" time="0.015"/>
  <testcase classname="org.testng.InvocationCaseTask" name="Test" time="0.001"/>
  <testcase classname="org.testng.InvocationCaseTask" name="Test" time="0.013"/>
  <testcase classname="org.testng.InvocationCaseTask" name="Test" time="0.003"/>
  <testcase classname="org.testng.InvocationCaseTask" name="Test" time="0.003"/>
  <testcase classname="org.testng.InvocationCaseTask" name="Test" time="0.074"/>
  <testcase classname="org.testng.InvocationCaseTask" name="Test" time="0.006"/>
  <testcase classname="org.testng.InvocationCaseTask" name="Test" time="0.002"/>
  <testcase classname="org.testng.InvocationCaseTask" name="Test" time="0.002"/>
  <testcase classname="org.testng.InvocationCaseTask" name="Test" time="0.012"/>
  <testcase classname="org.testng.InvocationCaseTask" name="Test" time="0.007"/>
  <testcase classname="org.testng.InvocationCaseTask" name="Test" time="0.008"/>
  <testcase classname="org.testng.InvocationCaseTask" name="Test" time="0.025"/>
  <testcase classname="org.testng.InvocationCaseTask" name="Test" time="0.006"/>
  <testcase classname="org.testng.InvocationCaseTask" name="Test" time="0.011"/>
  <testcase classname="org.testng.InvocationCaseTask" name="Test" time="0.002"/>
  <testcase classname="org.testng.InvocationCaseTask" name="Test" time="0.008"/>
  <testcase classname="org.testng.InvocationCaseTask" name="Test" time="0.027"/>
  <testcase classname="org.testng.InvocationCaseTask" name="Test" time="0.004"/>
  <testcase classname="org.testng.InvocationCaseTask" name="Test" time="0.033"/>
  <testcase classname="org.testng.InvocationCaseTask" name="Test" time="0.004"/>
  <testcase classname="org.testng.InvocationCaseTask" name="Test" time="0.007"/>
  <testcase classname="org.testng.InvocationCaseTask" name="Test" time="0.197"/>
  <testcase classname="org.testng.InvocationCaseTask" name="Test" time="0.018"/>
  <testcase classname="org.testng.InvocationCaseTask" name="Test" time="0.004"/>
  <testcase classname="org.testng.InvocationCaseTask" name="Test" time="0.003"/>
  <testcase classname="org.testng.InvocationCaseTask" name="Test" time="0.004"/>
  <testcase classname="org.testng.InvocationCaseTask" name="Test" time="0.008"/>
  <testcase classname="org.testng.InvocationCaseTask" name="Test" time="0.007"/>
  <testcase classname="org.testng.InvocationCaseTask" name="Test" time="0.002"/>
  <testcase classname="org.testng.InvocationCaseTask" name="Test" time="0.013"/>
  <testcase classname="org.testng.InvocationCaseTask" name="Test" time="0.003"/>
  <testcase classname="org.testng.InvocationCaseTask" name="Test" time="0.015"/>
  <testcase classname="org.testng.InvocationCaseTask" name="Test" time="0.009"/>
  <testcase classname="org.testng.InvocationCaseTask" name="Test" time="0.008"/>
  <testcase classname="org.testng.InvocationCaseTask" name="Test" time="0.003"/>
  <testcase classname="org.testng.InvocationCaseTask" name="Test" time="0.004"/>
  <testcase classname="org.testng.InvocationCaseTask" name="Test" time="0.007"/>
  <testcase classname="org.testng.InvocationCaseTask" name="Test" time="0.003"/>
  <testcase classname="org.testng.InvocationCaseTask" name="Test" time="0.004"/>
  <testcase classname="org.testng.InvocationCaseTask" name="Test" time="0.001"/>
  <testcase classname="org.testng.InvocationCaseTask" name="Test" time="0.002"/>
  <testcase classname="org.testng.InvocationCaseTask" name="Test" time="0.006"/>
  <testcase classname="org.testng.InvocationCaseTask" name="Test" time="0.001"/>
  <testcase classname="org.testng.InvocationCaseTask" name="Test" time="0.022"/>
  <testcase classname="org.testng.InvocationCaseTask" name="Test" time="0.025"/>
  <testcase classname="org.testng.InvocationCaseTask" name="Test" time="0.007"/>
  <testcase classname="org.testng.InvocationCaseTask" name="Test" time="0.021"/>
  <testcase classname="org.testng.InvocationCaseTask" name="Test" time="0.007"/>
  <testcase classname="org.testng.InvocationCaseTask" name="Test" time="0.008"/>
  <testcase classname="org.testng.InvocationCaseTask" name="Test" time="0.004"/>
  <testcase classname="org.testng.InvocationCaseTask" name="Test" time="0.014"/>
  <testcase classname="org.testng.InvocationCaseTask" name="Test" time="0.001"/>
  <testcase classname="org.testng.InvocationCaseTask" name="Test" time="0.003"/>
  <testcase classname="org.testng.InvocationCaseTask" name="Test" time="0.004"/>
  <testcase classname="org.testng.InvocationCaseTask" name="Test" time="0.014"/>
  <testcase classname="org.testng.InvocationCaseTask" name="Test" time="0.001"/>
  <testcase classname="org.testng.InvocationCaseTask" name="Test" time="0.002"/>
  <testcase classname="org.testng.InvocationCaseTask" name="Test" time="0.010"/>
  <testcase classname="org.testng.InvocationCaseTask" name="Test" time="0.005"/>
  <testcase classname="org.testng.InvocationCaseTask" name="Test" time="0.018"/>
  <testcase classname="org.testng.InvocationCaseTask" name="Test" time="0.044"/>
  <testcase classname="org.testng.InvocationCaseTask" name="Test" time="0.001"/>
  <testcase classname="org.testng.InvocationCaseTask" name="Test" time="0.002"/>
  <testcase classname="org.testng.InvocationCaseTask" name="Test" time="0.009"/>
  <testcase classname="org.testng.InvocationCaseTask" name="Test" time="0.002"/>
  <testcase classname="org.testng.InvocationCaseTask" name="Test" time="0.001"/>
  <testcase classname="org.testng.InvocationCaseTask" name="Test" time="0.008"/>
  <testcase classname="org.testng.InvocationCaseTask" name="Test" time="0.069"/>
  <testcase classname="org.testng.InvocationCaseTask" name="Test" time="0.016"/>
  <testcase classname="org.testng.InvocationCaseTask" name="Test" time="0.065"/>
  <testcase classname="org.testng.InvocationCaseTask" name="Test" time="0.037"/>
  <testcase classname="org.testng.InvocationCaseTask" name="Test" time="0.006"/>
  <testcase classname="org.testng.InvocationCaseTask" name="Test" time="0.001"/>
  <testcase classname="org.testng.InvocationCaseTask" name="Test" time="0.030"/>
  <testcase classname="org.testng.InvocationCaseTask" name="Test" time="0.005"/>
  <testcase classname="org.testng.InvocationCaseTask" name="Test" time="0.002"/>
  <testcase classname="org.testng.InvocationCaseTask" name="Test" time="0.004"/>
  <testcase classname="org.testng.InvocationCaseTask" name="Test" time="0.008"/>
  <testcase classname="org.testng.InvocationCaseTask" name="Test" time="0.005"/>
  <testcase classname="org.testng.InvocationCaseTask" name="Test" time="0.001"/>
  <testcase classname="org.testng.InvocationCaseTask" name="Test" time="0.005"/>
  <testcase classname="org.testng.InvocationCaseTask" name="Test" time="0.007"/>
</testsuite> <!-- org.testng.InvocationCaseTask -->
