<?xml version="1.0" encoding="UTF-8"?>
<!-- Generated by org.testng.reporters.JUnitReportReporter -->
<testsuite hostname="Karthikeyan" failures="0" tests="3" name="org.testng.GroupingTask" time="0.054" errors="0" timestamp="2023-08-06T14:22:41 IST" skipped="0">
  <testcase classname="org.testng.GroupingTask" name="Test3" time="0.039"/>
  <testcase classname="org.testng.GroupingTask" name="Test1" time="0.006"/>
  <testcase classname="org.testng.GroupingTask" name="Test2" time="0.009"/>
</testsuite> <!-- org.testng.GroupingTask -->
