<?xml version="1.0" encoding="UTF-8"?>
<!-- Generated by org.testng.reporters.JUnitReportReporter -->
<testsuite hostname="Karthikeyan" failures="0" tests="3" name="org.testng.DependsOnMethod" time="0.023" errors="0" timestamp="2023-08-06T14:13:23 IST" skipped="0">
  <testcase classname="org.testng.DependsOnMethod" name="Password" time="0.002"/>
  <testcase classname="org.testng.DependsOnMethod" name="Login" time="0.019"/>
  <testcase classname="org.testng.DependsOnMethod" name="Username" time="0.002"/>
</testsuite> <!-- org.testng.DependsOnMethod -->
