<?xml version="1.0" encoding="UTF-8"?>
<!-- Generated by org.testng.reporters.JUnitReportReporter -->
<testsuite hostname="Karthikeyan" failures="0" tests="3" name="org.testng.CrossBrowserTask" time="24.751" errors="0" timestamp="2023-08-06T14:11:13 IST" skipped="0">
  <testcase classname="org.testng.CrossBrowserTask" name="browser" time="12.124"/>
  <testcase classname="org.testng.CrossBrowserTask" name="browser" time="7.305"/>
  <testcase classname="org.testng.CrossBrowserTask" name="browser" time="5.322"/>
</testsuite> <!-- org.testng.CrossBrowserTask -->
