<?xml version="1.0" encoding="UTF-8"?>
<!-- Generated by org.testng.reporters.JUnitReportReporter -->
<testsuite hostname="Karthikeyan" failures="0" tests="1"
	name="org.testng.TestNGtask" time="0.011" errors="0"
	timestamp="2023-08-04T18:47:46 IST" skipped="0">
	<testcase classname="org.testng.TestNGtask" name="Test11" time="0.011" />
	<system-out />
</testsuite> <!-- org.testng.TestNGtask -->
