<?xml version="1.0" encoding="UTF-8"?>
<!-- Generated by org.testng.reporters.JUnitReportReporter -->
<testsuite hostname="Karthikeyan" failures="0" tests="3" name="org.testng.SetPriorityTask" time="0.037" errors="0" timestamp="2023-08-06T14:24:06 IST" skipped="0">
  <testcase classname="org.testng.SetPriorityTask" name="Test2" time="0.023"/>
  <testcase classname="org.testng.SetPriorityTask" name="Test3" time="0.007"/>
  <testcase classname="org.testng.SetPriorityTask" name="Test1" time="0.007"/>
</testsuite> <!-- org.testng.SetPriorityTask -->
